<?xml version="1.0" encoding="UTF-8"?>
<!-- Generated by org.testng.reporters.JUnitReportReporter -->
<testsuite hostname="DESKTOP-NUA2972" failures="0" tests="3" name="day3_17042025.DataProviderDemo" time="34.408" errors="0" timestamp="2025-09-18T07:11:05 IST" skipped="0">
  <testcase classname="day3_17042025.DataProviderDemo" name="SearchMobile" time="12.338"/>
  <testcase classname="day3_17042025.DataProviderDemo" name="SearchMobile" time="12.254"/>
  <testcase classname="day3_17042025.DataProviderDemo" name="SearchMobile" time="9.816"/>
</testsuite> <!-- day3_17042025.DataProviderDemo -->
