<?xml version="1.0" encoding="UTF-8"?>
<!-- Generated by org.testng.reporters.JUnitReportReporter -->
<testsuite hostname="DESKTOP-NUA2972" failures="0" tests="3" name="day1_10092025.OrangeHRMAssertionDemo" time="13.387" errors="0" timestamp="2025-09-13T16:43:44 IST" skipped="0">
  <testcase classname="day1_10092025.OrangeHRMAssertionDemo" name="login" time="2.596"/>
  <testcase classname="day1_10092025.OrangeHRMAssertionDemo" name="verifyHomePage" time="2.222"/>
  <testcase classname="day1_10092025.OrangeHRMAssertionDemo" name="logout" time="8.569"/>
</testsuite> <!-- day1_10092025.OrangeHRMAssertionDemo -->
