<?xml version="1.0" encoding="UTF-8"?>
<!-- Generated by org.testng.reporters.JUnitReportReporter -->
<testsuite hostname="DESKTOP-NUA2972" failures="0" tests="6" name="day4_18092025.GroupsDemo" time="0.023" errors="0" timestamp="2025-10-14T22:45:04 IST" skipped="0">
  <testcase classname="day4_18092025.GroupsDemo" name="test7" time="0.001"/>
  <testcase classname="day4_18092025.GroupsDemo" name="test3" time="0.002"/>
  <testcase classname="day4_18092025.GroupsDemo" name="test5" time="0.001"/>
  <testcase classname="day4_18092025.GroupsDemo" name="test1" time="0.014"/>
  <testcase classname="day4_18092025.GroupsDemo" name="test6" time="0.002"/>
  <testcase classname="day4_18092025.GroupsDemo" name="test2" time="0.003"/>
</testsuite> <!-- day4_18092025.GroupsDemo -->
