<?xml version="1.0" encoding="UTF-8"?>
<!-- Generated by org.testng.reporters.JUnitReportReporter -->
<testsuite hostname="DESKTOP-NUA2972" failures="0" tests="7" name="day4_18092025.GroupsDemo" time="0.042" errors="0" timestamp="2025-09-19T07:00:56 IST" skipped="0">
  <testcase classname="day4_18092025.GroupsDemo" name="test1" time="0.018"/>
  <testcase classname="day4_18092025.GroupsDemo" name="test6" time="0.005"/>
  <testcase classname="day4_18092025.GroupsDemo" name="test2" time="0.003"/>
  <testcase classname="day4_18092025.GroupsDemo" name="test7" time="0.004"/>
  <testcase classname="day4_18092025.GroupsDemo" name="test4" time="0.003"/>
  <testcase classname="day4_18092025.GroupsDemo" name="test5" time="0.007"/>
  <testcase classname="day4_18092025.GroupsDemo" name="test3" time="0.002"/>
</testsuite> <!-- day4_18092025.GroupsDemo -->
