<?xml version="1.0" encoding="UTF-8"?>
<!-- Generated by org.testng.reporters.JUnitReportReporter -->
<testsuite hostname="DESKTOP-NUA2972" failures="0" tests="3" name="day1_10092025.OrangeHRMAnnotationDemo" time="12.715" errors="0" timestamp="2025-09-12T07:11:01 IST" skipped="0">
  <testcase classname="day1_10092025.OrangeHRMAnnotationDemo" name="login" time="2.851"/>
  <testcase classname="day1_10092025.OrangeHRMAnnotationDemo" name="verifyHomePage" time="2.224"/>
  <testcase classname="day1_10092025.OrangeHRMAnnotationDemo" name="logout" time="7.640"/>
</testsuite> <!-- day1_10092025.OrangeHRMAnnotationDemo -->
