<?xml version="1.0" encoding="UTF-8"?>
<!-- Generated by org.testng.reporters.JUnitReportReporter -->
<testsuite hostname="DESKTOP-NUA2972" failures="0" tests="2" name="day1_10092025.AnnotationsDemo" time="0.012" errors="0" timestamp="2025-09-11T21:04:58 IST" skipped="0">
  <testcase classname="day1_10092025.AnnotationsDemo" name="t2" time="0.003"/>
  <testcase classname="day1_10092025.AnnotationsDemo" name="t1" time="0.009"/>
</testsuite> <!-- day1_10092025.AnnotationsDemo -->
